<article>
  <meta>
    <author>ASD</author>
    <tags>test, article, test article</tags>
  </meta>
  <sections>
    <section>
      <title>Section 1 Title</title>
      <frames>
        <frame>
          <width>6</width>
          <content type="text">{
              "ops": [
                { "insert": "Some text" }
              ]
            }</content>
        </frame>
        <frame>
          <width>6</width>
          <content type="media">{ "link": "test-media", "class": "figure-small" }</content>
        </frame>
      </frames>
    </section>
  </sections>
</article>