<article>
  <meta>
    <author>Author</author>
    <tags>test, article, test article</tags>
  </meta>
  <sections>
    <section>
      <title>Section 1 Title</title>
      <frames>
        <frame>
          <width>6</width>
          <content type="text">
            <![CDATA[{
              "ops": [
                { "insert": "Some text" }
              ]
            }]]>
          </content>
        </frame>
        <frame>
          <width>6</width>
          <content type="media">
            <![CDATA[{ "link": "test-media" }]]>
          </content>
        </frame>
      </frames>
    </section>
  </sections>
</article>